01/09/24 06:12:26 PM: INFO **********Test_001_Login***************
01/09/24 06:12:26 PM: INFO **********verifying homepage title***************
01/09/24 06:12:31 PM: INFO **********homepage title test passed***************
01/09/24 06:12:44 PM: INFO ********* login test passed***************
01/13/24 12:18:38 PM: INFO **********Test_001_Login***************
01/13/24 12:18:38 PM: INFO **********verifying homepage title***************
01/13/24 12:18:45 PM: INFO **********homepage title test passed***************
01/13/24 12:19:02 PM: INFO ********* login test passed***************
01/15/24 10:21:14 AM: INFO **********Test_001_Login***************
01/15/24 10:21:14 AM: INFO **********verifying homepage title***************
01/15/24 10:21:20 AM: INFO **********homepage title test passed***************
01/15/24 10:21:32 AM: INFO ********* login test passed***************
01/15/24 10:27:28 AM: INFO **********Test_001_Login***************
01/15/24 10:27:28 AM: INFO **********verifying homepage title***************
01/15/24 10:27:44 AM: INFO **********homepage title test passed***************
01/15/24 10:28:19 AM: INFO ********* login test passed***************
01/15/24 10:32:12 AM: INFO **********Test_001_Login***************
01/15/24 10:32:12 AM: INFO **********verifying homepage title***************
01/15/24 10:32:18 AM: INFO **********homepage title test passed***************
01/15/24 10:32:33 AM: INFO ********* login test passed***************
01/15/24 10:34:29 AM: INFO **********Test_001_Login***************
01/15/24 10:34:29 AM: INFO **********verifying homepage title***************
01/15/24 10:34:35 AM: INFO **********homepage title test passed***************
01/15/24 10:34:57 AM: INFO ********* login test passed***************
01/15/24 10:36:46 AM: INFO **********Test_001_Login***************
01/15/24 10:36:46 AM: INFO **********verifying homepage title***************
01/15/24 10:36:54 AM: INFO **********homepage title test passed***************
01/15/24 10:37:09 AM: INFO ********* login test passed***************
01/15/24 10:54:29 AM: INFO **********Test_001_Login***************
01/15/24 10:54:29 AM: INFO **********verifying homepage title***************
01/15/24 10:54:37 AM: INFO **********homepage title test passed***************
01/15/24 10:54:42 AM: INFO ********* login test passed***************
01/15/24 10:56:21 AM: INFO **********Test_001_Login***************
01/15/24 10:56:21 AM: INFO **********verifying homepage title***************
01/15/24 10:56:32 AM: INFO **********homepage title test passed***************
01/15/24 10:56:35 AM: INFO ********* login test passed***************
01/15/24 10:59:14 AM: INFO **********Test_001_Login***************
01/15/24 10:59:14 AM: INFO **********verifying homepage title***************
01/15/24 10:59:21 AM: INFO **********homepage title test passed***************
01/15/24 10:59:27 AM: INFO ********* login test passed***************
01/16/24 04:45:55 PM: INFO **********Test_001_Login***************
01/16/24 04:45:55 PM: INFO **********Test_001_Login***************
01/16/24 04:45:55 PM: INFO **********verifying homepage title***************
01/16/24 04:45:55 PM: INFO **********verifying homepage title***************
01/16/24 04:46:02 PM: INFO **********homepage title test passed***************
01/16/24 04:46:02 PM: INFO **********homepage title test passed***************
01/16/24 04:46:04 PM: INFO ***********Test_001_DDT_login***********
01/16/24 04:46:04 PM: INFO ***********Test_001_DDT_login***********
01/16/24 04:46:19 PM: INFO ********* login test passed***************
01/16/24 04:46:19 PM: INFO ********* login test passed***************
01/16/24 04:47:30 PM: INFO **********Test_001_Login***************
01/16/24 04:47:30 PM: INFO **********Test_001_Login***************
01/16/24 04:47:30 PM: INFO ***********Test_001_DDT_login***********
01/16/24 04:47:30 PM: INFO **********verifying homepage title***************
01/16/24 04:47:30 PM: INFO **********verifying homepage title***************
01/16/24 04:47:43 PM: INFO **********homepage title test passed***************
01/16/24 04:47:43 PM: INFO **********homepage title test passed***************
01/16/24 04:47:57 PM: INFO ********* login test passed***************
01/16/24 04:47:57 PM: INFO ********* login test passed***************
01/16/24 07:04:49 PM: INFO **********Test_001_Login***************
01/16/24 07:04:49 PM: INFO **********Test_001_Login***************
01/16/24 07:04:49 PM: INFO **********verifying homepage title***************
01/16/24 07:04:49 PM: INFO **********verifying homepage title***************
01/16/24 07:04:54 PM: INFO **********homepage title test passed***************
01/16/24 07:04:54 PM: INFO **********homepage title test passed***************
01/16/24 07:05:08 PM: INFO ********* login test passed***************
01/16/24 07:05:08 PM: INFO ********* login test passed***************
01/16/24 07:05:10 PM: INFO ***********Test_001_DDT_login***********
01/16/24 07:05:10 PM: INFO ***********Test_001_DDT_login***********
01/16/24 07:05:25 PM: INFO *******passed**********
01/16/24 07:05:25 PM: INFO *******passed**********
01/16/24 07:17:20 PM: INFO **********Test_001_Login***************
01/16/24 07:17:20 PM: INFO **********Test_001_Login***************
01/16/24 07:17:20 PM: INFO **********verifying homepage title***************
01/16/24 07:17:20 PM: INFO **********verifying homepage title***************
01/16/24 07:17:25 PM: INFO **********homepage title test passed***************
01/16/24 07:17:25 PM: INFO **********homepage title test passed***************
01/16/24 07:17:39 PM: INFO ********* login test passed***************
01/16/24 07:17:39 PM: INFO ********* login test passed***************
01/16/24 07:17:41 PM: INFO ***********Test_001_DDT_login***********
01/16/24 07:17:41 PM: INFO ***********Test_001_DDT_login***********
01/16/24 07:17:56 PM: INFO *******passed**********
01/16/24 07:17:56 PM: INFO *******passed**********
01/16/24 07:22:41 PM: INFO **********Test_001_Login***************
01/16/24 07:22:41 PM: INFO **********Test_001_Login***************
01/16/24 07:22:41 PM: INFO **********verifying homepage title***************
01/16/24 07:22:41 PM: INFO **********verifying homepage title***************
01/16/24 07:22:47 PM: INFO **********homepage title test passed***************
01/16/24 07:22:47 PM: INFO **********homepage title test passed***************
01/16/24 07:23:03 PM: INFO ********* login test passed***************
01/16/24 07:23:03 PM: INFO ********* login test passed***************
01/16/24 07:23:05 PM: INFO ***********Test_001_DDT_login***********
01/16/24 07:23:05 PM: INFO ***********Test_001_DDT_login***********
01/16/24 07:23:20 PM: INFO *******passed**********
01/16/24 07:23:20 PM: INFO *******passed**********
01/16/24 07:23:28 PM: INFO *******passed**********
01/16/24 07:23:28 PM: INFO *******passed**********
01/16/24 07:23:35 PM: INFO *******failed**********
01/16/24 07:23:35 PM: INFO *******failed**********
01/16/24 07:23:44 PM: INFO *******passed**********
01/16/24 07:23:44 PM: INFO *******passed**********
01/16/24 07:23:44 PM: INFO *******Login_ddt test failed**********
01/16/24 07:23:44 PM: INFO *******Login_ddt test failed**********
01/16/24 07:26:23 PM: INFO **********Test_001_Login***************
01/16/24 07:26:23 PM: INFO **********Test_001_Login***************
01/16/24 07:26:23 PM: INFO **********verifying homepage title***************
01/16/24 07:26:23 PM: INFO **********verifying homepage title***************
01/16/24 07:26:29 PM: INFO **********homepage title test passed***************
01/16/24 07:26:29 PM: INFO **********homepage title test passed***************
01/16/24 07:26:43 PM: INFO ********* login test passed***************
01/16/24 07:26:43 PM: INFO ********* login test passed***************
01/16/24 07:26:46 PM: INFO ***********Test_001_DDT_login***********
01/16/24 07:26:46 PM: INFO ***********Test_001_DDT_login***********
01/16/24 07:26:59 PM: INFO *******passed**********
01/16/24 07:26:59 PM: INFO *******passed**********
01/16/24 07:27:07 PM: INFO *******passed**********
01/16/24 07:27:07 PM: INFO *******passed**********
01/16/24 07:27:13 PM: INFO *******passed**********
01/16/24 07:27:13 PM: INFO *******passed**********
01/16/24 07:27:19 PM: INFO *******passed**********
01/16/24 07:27:19 PM: INFO *******passed**********
01/16/24 07:27:19 PM: INFO *******Login_ddt test passed**********
01/16/24 07:27:19 PM: INFO *******Login_ddt test passed**********
01/20/24 11:13:16 AM: INFO ****************Test_003_Addcustm*********************
01/20/24 11:13:16 AM: INFO ****************Test_003_Addcustm*********************
01/20/24 11:13:16 AM: INFO ****************Test_003_Addcustm*********************
01/20/24 11:13:20 AM: INFO **********Test_001_Login***************
01/20/24 11:13:20 AM: INFO **********Test_001_Login***************
01/20/24 11:13:20 AM: INFO **********Test_001_Login***************
01/20/24 11:13:20 AM: INFO **********verifying homepage title***************
01/20/24 11:13:20 AM: INFO **********verifying homepage title***************
01/20/24 11:13:20 AM: INFO **********verifying homepage title***************
01/20/24 11:13:27 AM: INFO **********homepage title test passed***************
01/20/24 11:13:27 AM: INFO **********homepage title test passed***************
01/20/24 11:13:27 AM: INFO **********homepage title test passed***************
01/20/24 11:13:45 AM: INFO ********* login test passed***************
01/20/24 11:13:45 AM: INFO ********* login test passed***************
01/20/24 11:13:45 AM: INFO ********* login test passed***************
01/20/24 11:13:48 AM: INFO ***********Test_002_DDT_login***********
01/20/24 11:13:48 AM: INFO ***********Test_002_DDT_login***********
01/20/24 11:13:48 AM: INFO ***********Test_002_DDT_login***********
01/20/24 11:14:07 AM: INFO *******passed**********
01/20/24 11:14:07 AM: INFO *******passed**********
01/20/24 11:14:07 AM: INFO *******passed**********
01/20/24 11:14:16 AM: INFO *******passed**********
01/20/24 11:14:16 AM: INFO *******passed**********
01/20/24 11:14:16 AM: INFO *******passed**********
01/20/24 11:14:22 AM: INFO *******passed**********
01/20/24 11:14:22 AM: INFO *******passed**********
01/20/24 11:14:22 AM: INFO *******passed**********
01/20/24 11:14:29 AM: INFO *******passed**********
01/20/24 11:14:29 AM: INFO *******passed**********
01/20/24 11:14:29 AM: INFO *******passed**********
01/20/24 11:14:29 AM: INFO *******Login_ddt test passed**********
01/20/24 11:14:29 AM: INFO *******Login_ddt test passed**********
01/20/24 11:14:29 AM: INFO *******Login_ddt test passed**********
01/20/24 11:17:23 AM: INFO ****************Test_003_Addcustm*********************
01/20/24 11:17:23 AM: INFO ****************Test_003_Addcustm*********************
01/20/24 11:17:23 AM: INFO ****************Test_003_Addcustm*********************
01/20/24 11:17:37 AM: INFO ****************login successful*********************
01/20/24 11:17:37 AM: INFO ****************login successful*********************
01/20/24 11:17:37 AM: INFO ****************login successful*********************
01/20/24 11:17:37 AM: INFO ****************Starting addcustomer*********************
01/20/24 11:17:37 AM: INFO ****************Starting addcustomer*********************
01/20/24 11:17:37 AM: INFO ****************Starting addcustomer*********************
01/20/24 11:17:40 AM: INFO ************* Providing customer info **********
01/20/24 11:17:40 AM: INFO ************* Providing customer info **********
01/20/24 11:17:40 AM: INFO ************* Providing customer info **********
01/20/24 11:17:43 AM: INFO **********Test_001_Login***************
01/20/24 11:17:43 AM: INFO **********Test_001_Login***************
01/20/24 11:17:43 AM: INFO **********Test_001_Login***************
01/20/24 11:17:43 AM: INFO **********verifying homepage title***************
01/20/24 11:17:43 AM: INFO **********verifying homepage title***************
01/20/24 11:17:43 AM: INFO **********verifying homepage title***************
01/20/24 11:17:54 AM: INFO **********homepage title test passed***************
01/20/24 11:17:54 AM: INFO **********homepage title test passed***************
01/20/24 11:17:54 AM: INFO **********homepage title test passed***************
01/20/24 11:18:17 AM: INFO ********* login test passed***************
01/20/24 11:18:17 AM: INFO ********* login test passed***************
01/20/24 11:18:17 AM: INFO ********* login test passed***************
01/20/24 11:18:20 AM: INFO ***********Test_002_DDT_login***********
01/20/24 11:18:20 AM: INFO ***********Test_002_DDT_login***********
01/20/24 11:18:20 AM: INFO ***********Test_002_DDT_login***********
01/20/24 11:18:45 AM: INFO *******passed**********
01/20/24 11:18:45 AM: INFO *******passed**********
01/20/24 11:18:45 AM: INFO *******passed**********
01/20/24 11:18:56 AM: INFO *******passed**********
01/20/24 11:18:56 AM: INFO *******passed**********
01/20/24 11:18:56 AM: INFO *******passed**********
01/20/24 11:19:03 AM: INFO *******passed**********
01/20/24 11:19:03 AM: INFO *******passed**********
01/20/24 11:19:03 AM: INFO *******passed**********
01/20/24 11:19:12 AM: INFO *******passed**********
01/20/24 11:19:12 AM: INFO *******passed**********
01/20/24 11:19:12 AM: INFO *******passed**********
01/20/24 11:19:12 AM: INFO *******Login_ddt test passed**********
01/20/24 11:19:12 AM: INFO *******Login_ddt test passed**********
01/20/24 11:19:12 AM: INFO *******Login_ddt test passed**********
01/20/24 11:22:27 AM: INFO ****************Test_003_Addcustm*********************
01/20/24 11:22:37 AM: INFO ****************login successful*********************
01/20/24 11:22:37 AM: INFO ****************Starting addcustomer*********************
01/20/24 11:22:41 AM: INFO ************* Providing customer info **********
01/23/24 08:28:04 AM: INFO ****************Test_003_Addcustm*********************
01/23/24 08:28:04 AM: INFO ****************Test_003_Addcustm*********************
01/23/24 08:28:04 AM: INFO ****************Test_003_Addcustm*********************
01/23/24 08:28:23 AM: INFO ****************login successful*********************
01/23/24 08:28:23 AM: INFO ****************login successful*********************
01/23/24 08:28:23 AM: INFO ****************login successful*********************
01/23/24 08:28:23 AM: INFO ****************Starting addcustomer*********************
01/23/24 08:28:23 AM: INFO ****************Starting addcustomer*********************
01/23/24 08:28:23 AM: INFO ****************Starting addcustomer*********************
01/23/24 08:28:29 AM: INFO **********Test_001_Login***************
01/23/24 08:28:29 AM: INFO **********Test_001_Login***************
01/23/24 08:28:29 AM: INFO **********Test_001_Login***************
01/23/24 08:28:29 AM: INFO **********verifying homepage title***************
01/23/24 08:28:29 AM: INFO **********verifying homepage title***************
01/23/24 08:28:29 AM: INFO **********verifying homepage title***************
01/23/24 08:28:39 AM: INFO **********homepage title test passed***************
01/23/24 08:28:39 AM: INFO **********homepage title test passed***************
01/23/24 08:28:39 AM: INFO **********homepage title test passed***************
01/23/24 08:28:59 AM: INFO ********* login test passed***************
01/23/24 08:28:59 AM: INFO ********* login test passed***************
01/23/24 08:28:59 AM: INFO ********* login test passed***************
01/23/24 08:29:02 AM: INFO ***********Test_002_DDT_login***********
01/23/24 08:29:02 AM: INFO ***********Test_002_DDT_login***********
01/23/24 08:29:02 AM: INFO ***********Test_002_DDT_login***********
01/23/24 08:29:28 AM: INFO *******passed**********
01/23/24 08:29:28 AM: INFO *******passed**********
01/23/24 08:29:28 AM: INFO *******passed**********
01/23/24 08:29:36 AM: INFO *******passed**********
01/23/24 08:29:36 AM: INFO *******passed**********
01/23/24 08:29:36 AM: INFO *******passed**********
01/23/24 08:29:43 AM: INFO *******passed**********
01/23/24 08:29:43 AM: INFO *******passed**********
01/23/24 08:29:43 AM: INFO *******passed**********
01/23/24 08:29:49 AM: INFO *******passed**********
01/23/24 08:29:49 AM: INFO *******passed**********
01/23/24 08:29:49 AM: INFO *******passed**********
01/23/24 08:29:49 AM: INFO *******Login_ddt test passed**********
01/23/24 08:29:49 AM: INFO *******Login_ddt test passed**********
01/23/24 08:29:49 AM: INFO *******Login_ddt test passed**********
01/23/24 08:53:05 AM: INFO ****************Test_003_Addcustm*********************
01/23/24 08:53:05 AM: INFO ****************Test_003_Addcustm*********************
01/23/24 08:53:05 AM: INFO ****************Test_003_Addcustm*********************
01/23/24 08:53:17 AM: INFO ****************login successful*********************
01/23/24 08:53:17 AM: INFO ****************login successful*********************
01/23/24 08:53:17 AM: INFO ****************login successful*********************
01/23/24 08:53:17 AM: INFO ****************Starting addcustomer*********************
01/23/24 08:53:17 AM: INFO ****************Starting addcustomer*********************
01/23/24 08:53:17 AM: INFO ****************Starting addcustomer*********************
01/23/24 08:53:23 AM: INFO ************* Providing customer info **********
01/23/24 08:53:23 AM: INFO ************* Providing customer info **********
01/23/24 08:53:23 AM: INFO ************* Providing customer info **********
01/23/24 08:53:31 AM: INFO **********Test_001_Login***************
01/23/24 08:53:31 AM: INFO **********Test_001_Login***************
01/23/24 08:53:31 AM: INFO **********Test_001_Login***************
01/23/24 08:53:31 AM: INFO **********verifying homepage title***************
01/23/24 08:53:31 AM: INFO **********verifying homepage title***************
01/23/24 08:53:31 AM: INFO **********verifying homepage title***************
01/23/24 08:53:39 AM: INFO **********homepage title test passed***************
01/23/24 08:53:39 AM: INFO **********homepage title test passed***************
01/23/24 08:53:39 AM: INFO **********homepage title test passed***************
01/23/24 08:54:07 AM: INFO ********* login test passed***************
01/23/24 08:54:07 AM: INFO ********* login test passed***************
01/23/24 08:54:07 AM: INFO ********* login test passed***************
01/23/24 08:54:10 AM: INFO ***********Test_002_DDT_login***********
01/23/24 08:54:10 AM: INFO ***********Test_002_DDT_login***********
01/23/24 08:54:10 AM: INFO ***********Test_002_DDT_login***********
01/23/24 08:54:57 AM: INFO ****************Test_003_Addcustm*********************
01/23/24 08:54:57 AM: INFO ****************Test_003_Addcustm*********************
01/23/24 08:54:57 AM: INFO ****************Test_003_Addcustm*********************
01/23/24 08:55:09 AM: INFO ****************login successful*********************
01/23/24 08:55:09 AM: INFO ****************login successful*********************
01/23/24 08:55:09 AM: INFO ****************login successful*********************
01/23/24 08:55:09 AM: INFO ****************Starting addcustomer*********************
01/23/24 08:55:09 AM: INFO ****************Starting addcustomer*********************
01/23/24 08:55:09 AM: INFO ****************Starting addcustomer*********************
01/23/24 08:55:13 AM: INFO ************* Providing customer info **********
01/23/24 08:55:13 AM: INFO ************* Providing customer info **********
01/23/24 08:55:13 AM: INFO ************* Providing customer info **********
01/23/24 08:55:18 AM: INFO **********Test_001_Login***************
01/23/24 08:55:18 AM: INFO **********Test_001_Login***************
01/23/24 08:55:18 AM: INFO **********Test_001_Login***************
01/23/24 08:55:18 AM: INFO **********verifying homepage title***************
01/23/24 08:55:18 AM: INFO **********verifying homepage title***************
01/23/24 08:55:18 AM: INFO **********verifying homepage title***************
01/23/24 08:55:25 AM: INFO **********homepage title test passed***************
01/23/24 08:55:25 AM: INFO **********homepage title test passed***************
01/23/24 08:55:25 AM: INFO **********homepage title test passed***************
01/23/24 08:55:49 AM: INFO ********* login test passed***************
01/23/24 08:55:49 AM: INFO ********* login test passed***************
01/23/24 08:55:49 AM: INFO ********* login test passed***************
01/23/24 08:55:52 AM: INFO ***********Test_002_DDT_login***********
01/23/24 08:55:52 AM: INFO ***********Test_002_DDT_login***********
01/23/24 08:55:52 AM: INFO ***********Test_002_DDT_login***********
01/23/24 08:56:30 AM: INFO *******passed**********
01/23/24 08:56:30 AM: INFO *******passed**********
01/23/24 08:56:30 AM: INFO *******passed**********
01/23/24 08:56:38 AM: INFO *******passed**********
01/23/24 08:56:38 AM: INFO *******passed**********
01/23/24 08:56:38 AM: INFO *******passed**********
01/23/24 08:56:45 AM: INFO *******passed**********
01/23/24 08:56:45 AM: INFO *******passed**********
01/23/24 08:56:45 AM: INFO *******passed**********
01/23/24 08:56:51 AM: INFO *******passed**********
01/23/24 08:56:51 AM: INFO *******passed**********
01/23/24 08:56:51 AM: INFO *******passed**********
01/23/24 08:56:51 AM: INFO *******Login_ddt test passed**********
01/23/24 08:56:51 AM: INFO *******Login_ddt test passed**********
01/23/24 08:56:51 AM: INFO *******Login_ddt test passed**********
01/23/24 09:00:01 AM: INFO ****************Test_003_Addcustm*********************
01/23/24 09:00:01 AM: INFO ****************Test_003_Addcustm*********************
01/23/24 09:00:01 AM: INFO ****************Test_003_Addcustm*********************
01/23/24 09:00:11 AM: INFO ****************login successful*********************
01/23/24 09:00:11 AM: INFO ****************login successful*********************
01/23/24 09:00:11 AM: INFO ****************login successful*********************
01/23/24 09:00:11 AM: INFO ****************Starting addcustomer*********************
01/23/24 09:00:11 AM: INFO ****************Starting addcustomer*********************
01/23/24 09:00:11 AM: INFO ****************Starting addcustomer*********************
01/23/24 09:00:16 AM: INFO ************* Providing customer info **********
01/23/24 09:00:16 AM: INFO ************* Providing customer info **********
01/23/24 09:00:16 AM: INFO ************* Providing customer info **********
01/23/24 09:00:22 AM: INFO **********Test_001_Login***************
01/23/24 09:00:22 AM: INFO **********Test_001_Login***************
01/23/24 09:00:22 AM: INFO **********Test_001_Login***************
01/23/24 09:00:22 AM: INFO **********verifying homepage title***************
01/23/24 09:00:22 AM: INFO **********verifying homepage title***************
01/23/24 09:00:22 AM: INFO **********verifying homepage title***************
01/23/24 09:00:28 AM: INFO **********homepage title test passed***************
01/23/24 09:00:28 AM: INFO **********homepage title test passed***************
01/23/24 09:00:28 AM: INFO **********homepage title test passed***************
01/23/24 09:00:43 AM: INFO ********* login test passed***************
01/23/24 09:00:43 AM: INFO ********* login test passed***************
01/23/24 09:00:43 AM: INFO ********* login test passed***************
01/23/24 09:00:46 AM: INFO ***********Test_002_DDT_login***********
01/23/24 09:00:46 AM: INFO ***********Test_002_DDT_login***********
01/23/24 09:00:46 AM: INFO ***********Test_002_DDT_login***********
01/23/24 09:01:08 AM: INFO *******passed**********
01/23/24 09:01:08 AM: INFO *******passed**********
01/23/24 09:01:08 AM: INFO *******passed**********
01/23/24 09:01:18 AM: INFO *******passed**********
01/23/24 09:01:18 AM: INFO *******passed**********
01/23/24 09:01:18 AM: INFO *******passed**********
01/23/24 09:01:24 AM: INFO *******passed**********
01/23/24 09:01:24 AM: INFO *******passed**********
01/23/24 09:01:24 AM: INFO *******passed**********
01/23/24 09:01:31 AM: INFO *******passed**********
01/23/24 09:01:31 AM: INFO *******passed**********
01/23/24 09:01:31 AM: INFO *******passed**********
01/23/24 09:01:31 AM: INFO *******Login_ddt test passed**********
01/23/24 09:01:31 AM: INFO *******Login_ddt test passed**********
01/23/24 09:01:31 AM: INFO *******Login_ddt test passed**********
01/23/24 09:05:04 AM: INFO ****************Test_003_Addcustm*********************
01/23/24 09:05:04 AM: INFO ****************Test_003_Addcustm*********************
01/23/24 09:05:04 AM: INFO ****************Test_003_Addcustm*********************
01/23/24 09:05:16 AM: INFO ****************login successful*********************
01/23/24 09:05:16 AM: INFO ****************login successful*********************
01/23/24 09:05:16 AM: INFO ****************login successful*********************
01/23/24 09:05:16 AM: INFO ****************Starting addcustomer*********************
01/23/24 09:05:16 AM: INFO ****************Starting addcustomer*********************
01/23/24 09:05:16 AM: INFO ****************Starting addcustomer*********************
01/23/24 09:05:20 AM: INFO ************* Providing customer info **********
01/23/24 09:05:20 AM: INFO ************* Providing customer info **********
01/23/24 09:05:20 AM: INFO ************* Providing customer info **********
01/23/24 09:05:27 AM: INFO **********Test_001_Login***************
01/23/24 09:05:27 AM: INFO **********Test_001_Login***************
01/23/24 09:05:27 AM: INFO **********Test_001_Login***************
01/23/24 09:05:27 AM: INFO **********verifying homepage title***************
01/23/24 09:05:27 AM: INFO **********verifying homepage title***************
01/23/24 09:05:27 AM: INFO **********verifying homepage title***************
01/23/24 09:05:33 AM: INFO **********homepage title test passed***************
01/23/24 09:05:33 AM: INFO **********homepage title test passed***************
01/23/24 09:05:33 AM: INFO **********homepage title test passed***************
01/23/24 09:05:52 AM: INFO ********* login test passed***************
01/23/24 09:05:52 AM: INFO ********* login test passed***************
01/23/24 09:05:52 AM: INFO ********* login test passed***************
01/23/24 09:05:54 AM: INFO ***********Test_002_DDT_login***********
01/23/24 09:05:54 AM: INFO ***********Test_002_DDT_login***********
01/23/24 09:05:54 AM: INFO ***********Test_002_DDT_login***********
01/23/24 09:06:10 AM: INFO *******passed**********
01/23/24 09:06:10 AM: INFO *******passed**********
01/23/24 09:06:10 AM: INFO *******passed**********
01/23/24 09:06:19 AM: INFO *******passed**********
01/23/24 09:06:19 AM: INFO *******passed**********
01/23/24 09:06:19 AM: INFO *******passed**********
01/23/24 09:06:25 AM: INFO *******passed**********
01/23/24 09:06:25 AM: INFO *******passed**********
01/23/24 09:06:25 AM: INFO *******passed**********
01/23/24 09:06:31 AM: INFO *******passed**********
01/23/24 09:06:31 AM: INFO *******passed**********
01/23/24 09:06:31 AM: INFO *******passed**********
01/23/24 09:06:31 AM: INFO *******Login_ddt test passed**********
01/23/24 09:06:31 AM: INFO *******Login_ddt test passed**********
01/23/24 09:06:31 AM: INFO *******Login_ddt test passed**********
01/23/24 09:15:31 AM: INFO ****************Test_003_Addcustm*********************
01/23/24 09:15:31 AM: INFO ****************Test_003_Addcustm*********************
01/23/24 09:15:31 AM: INFO ****************Test_003_Addcustm*********************
01/23/24 09:15:41 AM: INFO ****************login successful*********************
01/23/24 09:15:41 AM: INFO ****************login successful*********************
01/23/24 09:15:41 AM: INFO ****************login successful*********************
01/23/24 09:15:41 AM: INFO ****************Starting addcustomer*********************
01/23/24 09:15:41 AM: INFO ****************Starting addcustomer*********************
01/23/24 09:15:41 AM: INFO ****************Starting addcustomer*********************
01/23/24 09:15:46 AM: INFO ************* Providing customer info **********
01/23/24 09:15:46 AM: INFO ************* Providing customer info **********
01/23/24 09:15:46 AM: INFO ************* Providing customer info **********
01/23/24 09:15:53 AM: INFO **********Test_001_Login***************
01/23/24 09:15:53 AM: INFO **********Test_001_Login***************
01/23/24 09:15:53 AM: INFO **********Test_001_Login***************
01/23/24 09:15:53 AM: INFO **********verifying homepage title***************
01/23/24 09:15:53 AM: INFO **********verifying homepage title***************
01/23/24 09:15:53 AM: INFO **********verifying homepage title***************
01/23/24 09:16:00 AM: INFO **********homepage title test passed***************
01/23/24 09:16:00 AM: INFO **********homepage title test passed***************
01/23/24 09:16:00 AM: INFO **********homepage title test passed***************
01/23/24 09:16:20 AM: INFO ********* login test passed***************
01/23/24 09:16:20 AM: INFO ********* login test passed***************
01/23/24 09:16:20 AM: INFO ********* login test passed***************
01/23/24 09:16:23 AM: INFO ***********Test_002_DDT_login***********
01/23/24 09:16:23 AM: INFO ***********Test_002_DDT_login***********
01/23/24 09:16:23 AM: INFO ***********Test_002_DDT_login***********
01/23/24 09:16:44 AM: INFO *******passed**********
01/23/24 09:16:44 AM: INFO *******passed**********
01/23/24 09:16:44 AM: INFO *******passed**********
01/23/24 09:16:55 AM: INFO *******passed**********
01/23/24 09:16:55 AM: INFO *******passed**********
01/23/24 09:16:55 AM: INFO *******passed**********
01/23/24 09:17:01 AM: INFO *******passed**********
01/23/24 09:17:01 AM: INFO *******passed**********
01/23/24 09:17:01 AM: INFO *******passed**********
01/23/24 09:17:07 AM: INFO *******passed**********
01/23/24 09:17:07 AM: INFO *******passed**********
01/23/24 09:17:07 AM: INFO *******passed**********
01/23/24 09:17:07 AM: INFO *******Login_ddt test passed**********
01/23/24 09:17:07 AM: INFO *******Login_ddt test passed**********
01/23/24 09:17:07 AM: INFO *******Login_ddt test passed**********
01/23/24 09:18:47 AM: INFO ****************Test_003_Addcustm*********************
01/23/24 09:18:47 AM: INFO ****************Test_003_Addcustm*********************
01/23/24 09:18:47 AM: INFO ****************Test_003_Addcustm*********************
01/23/24 09:19:25 AM: INFO ****************login successful*********************
01/23/24 09:19:25 AM: INFO ****************login successful*********************
01/23/24 09:19:25 AM: INFO ****************login successful*********************
01/23/24 09:19:25 AM: INFO ****************Starting addcustomer*********************
01/23/24 09:19:25 AM: INFO ****************Starting addcustomer*********************
01/23/24 09:19:25 AM: INFO ****************Starting addcustomer*********************
01/23/24 09:19:28 AM: INFO **********Test_001_Login***************
01/23/24 09:19:28 AM: INFO **********Test_001_Login***************
01/23/24 09:19:28 AM: INFO **********Test_001_Login***************
01/23/24 09:19:28 AM: INFO **********verifying homepage title***************
01/23/24 09:19:28 AM: INFO **********verifying homepage title***************
01/23/24 09:19:28 AM: INFO **********verifying homepage title***************
01/23/24 09:19:36 AM: INFO **********homepage title test passed***************
01/23/24 09:19:36 AM: INFO **********homepage title test passed***************
01/23/24 09:19:36 AM: INFO **********homepage title test passed***************
01/23/24 09:19:55 AM: INFO ********* login test passed***************
01/23/24 09:19:55 AM: INFO ********* login test passed***************
01/23/24 09:19:55 AM: INFO ********* login test passed***************
01/23/24 09:19:57 AM: INFO ***********Test_002_DDT_login***********
01/23/24 09:19:57 AM: INFO ***********Test_002_DDT_login***********
01/23/24 09:19:57 AM: INFO ***********Test_002_DDT_login***********
01/23/24 09:20:21 AM: INFO *******passed**********
01/23/24 09:20:21 AM: INFO *******passed**********
01/23/24 09:20:21 AM: INFO *******passed**********
01/23/24 09:20:30 AM: INFO *******passed**********
01/23/24 09:20:30 AM: INFO *******passed**********
01/23/24 09:20:30 AM: INFO *******passed**********
01/23/24 09:20:36 AM: INFO *******passed**********
01/23/24 09:20:36 AM: INFO *******passed**********
01/23/24 09:20:36 AM: INFO *******passed**********
01/23/24 09:20:42 AM: INFO *******passed**********
01/23/24 09:20:42 AM: INFO *******passed**********
01/23/24 09:20:42 AM: INFO *******passed**********
01/23/24 09:20:42 AM: INFO *******Login_ddt test passed**********
01/23/24 09:20:42 AM: INFO *******Login_ddt test passed**********
01/23/24 09:20:42 AM: INFO *******Login_ddt test passed**********
01/23/24 09:21:13 AM: INFO ****************Test_003_Addcustm*********************
01/23/24 09:21:13 AM: INFO ****************Test_003_Addcustm*********************
01/23/24 09:21:13 AM: INFO ****************Test_003_Addcustm*********************
01/23/24 09:21:25 AM: INFO ****************login successful*********************
01/23/24 09:21:25 AM: INFO ****************login successful*********************
01/23/24 09:21:25 AM: INFO ****************login successful*********************
01/23/24 09:21:25 AM: INFO ****************Starting addcustomer*********************
01/23/24 09:21:25 AM: INFO ****************Starting addcustomer*********************
01/23/24 09:21:25 AM: INFO ****************Starting addcustomer*********************
01/23/24 09:21:29 AM: INFO ************* Providing customer info **********
01/23/24 09:21:29 AM: INFO ************* Providing customer info **********
01/23/24 09:21:29 AM: INFO ************* Providing customer info **********
01/23/24 09:21:34 AM: INFO **********Test_001_Login***************
01/23/24 09:21:34 AM: INFO **********Test_001_Login***************
01/23/24 09:21:34 AM: INFO **********Test_001_Login***************
01/23/24 09:21:34 AM: INFO **********verifying homepage title***************
01/23/24 09:21:34 AM: INFO **********verifying homepage title***************
01/23/24 09:21:34 AM: INFO **********verifying homepage title***************
01/23/24 09:21:39 AM: INFO **********homepage title test passed***************
01/23/24 09:21:39 AM: INFO **********homepage title test passed***************
01/23/24 09:21:39 AM: INFO **********homepage title test passed***************
01/23/24 09:21:59 AM: INFO ********* login test passed***************
01/23/24 09:21:59 AM: INFO ********* login test passed***************
01/23/24 09:21:59 AM: INFO ********* login test passed***************
01/23/24 09:22:01 AM: INFO ***********Test_002_DDT_login***********
01/23/24 09:22:01 AM: INFO ***********Test_002_DDT_login***********
01/23/24 09:22:01 AM: INFO ***********Test_002_DDT_login***********
01/23/24 09:22:25 AM: INFO *******passed**********
01/23/24 09:22:25 AM: INFO *******passed**********
01/23/24 09:22:25 AM: INFO *******passed**********
01/23/24 09:22:36 AM: INFO *******passed**********
01/23/24 09:22:36 AM: INFO *******passed**********
01/23/24 09:22:36 AM: INFO *******passed**********
01/23/24 09:22:42 AM: INFO *******passed**********
01/23/24 09:22:42 AM: INFO *******passed**********
01/23/24 09:22:42 AM: INFO *******passed**********
01/23/24 09:22:49 AM: INFO *******passed**********
01/23/24 09:22:49 AM: INFO *******passed**********
01/23/24 09:22:49 AM: INFO *******passed**********
01/23/24 09:22:49 AM: INFO *******Login_ddt test passed**********
01/23/24 09:22:49 AM: INFO *******Login_ddt test passed**********
01/23/24 09:22:49 AM: INFO *******Login_ddt test passed**********
01/23/24 09:25:21 AM: INFO ****************Test_003_Addcustm*********************
01/23/24 09:25:31 AM: INFO ****************login successful*********************
01/23/24 09:25:31 AM: INFO ****************Starting addcustomer*********************
01/23/24 09:25:35 AM: INFO ************* Providing customer info **********
01/23/24 09:29:50 AM: INFO ****************Test_003_Addcustm*********************
01/23/24 09:30:01 AM: INFO ****************login successful*********************
01/23/24 09:30:01 AM: INFO ****************Starting addcustomer*********************
01/23/24 09:30:04 AM: INFO ************* Providing customer info **********
01/23/24 10:52:10 PM: INFO ****************Test_003_Addcustm*********************
01/23/24 10:52:19 PM: INFO ****************login successful*********************
01/23/24 10:52:19 PM: INFO ****************Starting addcustomer*********************
01/23/24 10:52:24 PM: INFO ************* Providing customer info **********
01/23/24 10:55:50 PM: INFO ****************Test_003_Addcustm*********************
01/23/24 10:56:03 PM: INFO ****************login successful*********************
01/23/24 10:56:03 PM: INFO ****************Starting addcustomer*********************
01/23/24 10:56:07 PM: INFO ************* Providing customer info **********
01/23/24 10:56:53 PM: INFO ****************Test_003_Addcustm*********************
01/23/24 10:57:04 PM: INFO ****************login successful*********************
01/23/24 10:57:04 PM: INFO ****************Starting addcustomer*********************
01/23/24 10:57:08 PM: INFO ************* Providing customer info **********
01/23/24 11:00:12 PM: INFO ****************Test_003_Addcustm*********************
01/23/24 11:00:21 PM: INFO ****************login successful*********************
01/23/24 11:00:21 PM: INFO ****************Starting addcustomer*********************
01/23/24 11:00:25 PM: INFO ************* Providing customer info **********
01/23/24 11:04:48 PM: INFO ****************Test_003_Addcustm*********************
01/23/24 11:05:01 PM: INFO ****************login successful*********************
01/23/24 11:05:01 PM: INFO ****************Starting addcustomer*********************
01/23/24 11:05:05 PM: INFO ************* Providing customer info **********
01/23/24 11:05:49 PM: INFO ****************Test_003_Addcustm*********************
01/23/24 11:06:01 PM: INFO ****************login successful*********************
01/23/24 11:06:01 PM: INFO ****************Starting addcustomer*********************
01/23/24 11:06:05 PM: INFO ************* Providing customer info **********
01/23/24 11:15:30 PM: INFO ****************Test_003_Addcustm*********************
01/23/24 11:15:41 PM: INFO ****************login successful*********************
01/23/24 11:15:41 PM: INFO ****************Starting addcustomer*********************
01/23/24 11:15:52 PM: INFO ****************Test_003_Addcustm*********************
01/23/24 11:16:09 PM: INFO ****************login successful*********************
01/23/24 11:16:09 PM: INFO ****************Starting addcustomer*********************
01/23/24 11:16:14 PM: INFO ************* Providing customer info **********
01/23/24 11:17:37 PM: INFO ****************Test_003_Addcustm*********************
01/23/24 11:17:50 PM: INFO ****************login successful*********************
01/23/24 11:17:50 PM: INFO ****************Starting addcustomer*********************
01/23/24 11:17:56 PM: INFO ************* Providing customer info **********
01/23/24 11:21:16 PM: INFO ****************Test_003_Addcustm*********************
01/23/24 11:21:26 PM: INFO ****************login successful*********************
01/23/24 11:21:26 PM: INFO ****************Starting addcustomer*********************
01/23/24 11:21:30 PM: INFO ************* Providing customer info **********
01/23/24 11:24:16 PM: INFO ****************Test_003_Addcustm*********************
01/23/24 11:24:29 PM: INFO ****************login successful*********************
01/23/24 11:24:29 PM: INFO ****************Starting addcustomer*********************
01/23/24 11:24:34 PM: INFO ************* Providing customer info **********
01/23/24 11:25:26 PM: INFO ****************Test_003_Addcustm*********************
01/23/24 11:25:37 PM: INFO ****************login successful*********************
01/23/24 11:25:37 PM: INFO ****************Starting addcustomer*********************
01/23/24 11:25:41 PM: INFO ************* Providing customer info **********
01/23/24 11:26:28 PM: INFO ****************Test_003_Addcustm*********************
01/23/24 11:26:40 PM: INFO ****************login successful*********************
01/23/24 11:26:40 PM: INFO ****************Starting addcustomer*********************
01/23/24 11:26:44 PM: INFO ************* Providing customer info **********
01/23/24 11:27:46 PM: INFO ****************Test_003_Addcustm*********************
01/23/24 11:27:57 PM: INFO ****************login successful*********************
01/23/24 11:27:57 PM: INFO ****************Starting addcustomer*********************
01/23/24 11:28:02 PM: INFO ************* Providing customer info **********
01/23/24 11:28:15 PM: INFO ****************Test_003_Addcustm*********************
01/23/24 11:28:24 PM: INFO ****************login successful*********************
01/23/24 11:28:24 PM: INFO ****************Starting addcustomer*********************
01/23/24 11:28:28 PM: INFO ************* Providing customer info **********
01/23/24 11:28:52 PM: INFO ****************Test_003_Addcustm*********************
01/23/24 11:29:00 PM: INFO ****************login successful*********************
01/23/24 11:29:00 PM: INFO ****************Starting addcustomer*********************
01/23/24 11:29:03 PM: INFO ************* Providing customer info **********
01/23/24 11:29:29 PM: INFO ****************Test_003_Addcustm*********************
01/23/24 11:29:41 PM: INFO ****************login successful*********************
01/23/24 11:29:41 PM: INFO ****************Starting addcustomer*********************
01/23/24 11:29:46 PM: INFO ************* Providing customer info **********
01/23/24 11:31:09 PM: INFO ****************Test_003_Addcustm*********************
01/23/24 11:31:19 PM: INFO ****************login successful*********************
01/23/24 11:31:19 PM: INFO ****************Starting addcustomer*********************
01/23/24 11:31:23 PM: INFO ************* Providing customer info **********
01/23/24 11:32:05 PM: INFO ****************Test_003_Addcustm*********************
01/23/24 11:32:16 PM: INFO ****************login successful*********************
01/23/24 11:32:16 PM: INFO ****************Starting addcustomer*********************
01/23/24 11:32:20 PM: INFO ************* Providing customer info **********
01/23/24 11:32:28 PM: INFO ************* Saving customer info **********
01/23/24 11:32:28 PM: INFO ********* Add customer validation started *****************
01/23/24 11:32:29 PM: INFO ********* Add customer Test Passed *********
01/23/24 11:32:29 PM: INFO ******* Ending Add customer test **********
01/24/24 09:19:45 AM: INFO ****************Test_003_Addcustm*********************
01/24/24 09:19:56 AM: INFO ****************login successful*********************
01/24/24 09:19:56 AM: INFO ****************Starting addcustomer*********************
01/24/24 09:20:02 AM: INFO ************* Providing customer info **********
01/24/24 09:20:47 AM: INFO ****************Test_003_Addcustm*********************
01/24/24 09:20:58 AM: INFO ****************login successful*********************
01/24/24 09:20:58 AM: INFO ****************Starting addcustomer*********************
01/24/24 09:21:04 AM: INFO ************* Providing customer info **********
01/24/24 09:21:24 AM: INFO ****************Test_003_Addcustm*********************
01/24/24 09:21:34 AM: INFO ****************login successful*********************
01/24/24 09:21:34 AM: INFO ****************Starting addcustomer*********************
01/24/24 09:21:43 AM: INFO ****************Test_003_Addcustm*********************
01/24/24 09:21:52 AM: INFO ****************login successful*********************
01/24/24 09:21:52 AM: INFO ****************Starting addcustomer*********************
01/24/24 09:21:56 AM: INFO ************* Providing customer info **********
01/24/24 09:23:05 AM: INFO ****************Test_003_Addcustm*********************
01/24/24 09:23:14 AM: INFO ****************login successful*********************
01/24/24 09:23:14 AM: INFO ****************Starting addcustomer*********************
01/24/24 09:23:17 AM: INFO ************* Providing customer info **********
01/24/24 09:23:26 AM: INFO ************* Saving customer info **********
01/24/24 09:23:26 AM: INFO ********* Add customer validation started *****************
01/24/24 09:23:27 AM: INFO ********* Add customer Test Passed *********
01/24/24 09:23:28 AM: INFO ******* Ending Add customer test **********
01/24/24 09:23:44 AM: INFO ****************Test_003_Addcustm*********************
01/24/24 09:23:56 AM: INFO ****************login successful*********************
01/24/24 09:23:56 AM: INFO ****************Starting addcustomer*********************
01/24/24 09:24:00 AM: INFO ************* Providing customer info **********
01/24/24 09:24:10 AM: INFO ************* Saving customer info **********
01/24/24 09:24:10 AM: INFO ********* Add customer validation started *****************
01/24/24 09:24:13 AM: INFO ********* Add customer Test Passed *********
01/24/24 09:24:13 AM: INFO ******* Ending Add customer test **********
01/24/24 09:30:40 AM: INFO ****************Test_003_Addcustm*********************
01/24/24 09:30:50 AM: INFO ****************login successful*********************
01/24/24 09:30:50 AM: INFO ****************Starting addcustomer*********************
01/24/24 09:30:54 AM: INFO ************* Providing customer info **********
01/24/24 09:31:05 AM: INFO ************* Saving customer info **********
01/24/24 09:31:05 AM: INFO ********* Add customer validation started *****************
01/24/24 09:31:07 AM: INFO ********* Add customer Test Passed *********
01/24/24 09:31:07 AM: INFO ******* Ending Add customer test **********
02/08/24 02:05:29 PM: INFO ****************Test_003_Addcustm*********************
02/08/24 02:05:50 PM: INFO ****************login successful*********************
02/08/24 02:05:50 PM: INFO ****************Starting addcustomer*********************
02/08/24 02:06:55 PM: INFO ****************Test_003_Addcustm*********************
02/08/24 02:07:11 PM: INFO ****************login successful*********************
02/08/24 02:07:11 PM: INFO ****************Starting addcustomer*********************
02/08/24 02:07:16 PM: INFO ************* Providing customer info **********
02/08/24 02:07:28 PM: INFO ************* Saving customer info **********
02/08/24 02:07:28 PM: INFO ********* Add customer validation started *****************
02/08/24 02:07:30 PM: INFO ********* Add customer Test Passed *********
02/08/24 02:07:31 PM: INFO ******* Ending Add customer test **********
02/22/24 04:05:55 PM: WARNING There was an error managing chrome (error sending request for url (https://googlechromelabs.github.io/chrome-for-testing/known-good-versions-with-downloads.json): error trying to connect: dns error: No such host is known. (os error 11001)); using driver found in the cache
02/22/24 04:06:02 PM: INFO ****************Test_003_Addcustm*********************
02/22/24 04:08:04 PM: INFO ****************Test_003_Addcustm*********************
02/22/24 04:08:26 PM: INFO ****************login successful*********************
02/22/24 04:08:26 PM: INFO ****************Starting addcustomer*********************
02/22/24 04:08:48 PM: INFO ****************Test_003_Addcustm*********************
02/22/24 04:09:02 PM: INFO ****************login successful*********************
02/22/24 04:09:02 PM: INFO ****************Starting addcustomer*********************
02/22/24 04:09:19 PM: INFO ****************Test_003_Addcustm*********************
02/22/24 04:09:46 PM: INFO ****************login successful*********************
02/22/24 04:09:46 PM: INFO ****************Starting addcustomer*********************
02/22/24 04:09:58 PM: INFO ************* Providing customer info **********
02/22/24 04:10:11 PM: INFO ************* Saving customer info **********
02/22/24 04:10:11 PM: INFO ********* Add customer validation started *****************
02/22/24 04:10:12 PM: INFO ********* Add customer Test Passed *********
02/22/24 04:10:13 PM: INFO ******* Ending Add customer test **********
05/14/24 09:05:00 PM: INFO **********Test_001_Login***************
05/14/24 09:05:00 PM: INFO **********Test_001_Login***************
05/14/24 09:05:00 PM: INFO **********Test_001_Login***************
05/14/24 09:05:00 PM: INFO **********verifying homepage title***************
05/14/24 09:05:00 PM: INFO **********verifying homepage title***************
05/14/24 09:05:00 PM: INFO **********verifying homepage title***************
05/14/24 09:05:07 PM: INFO **********homepage title test passed***************
05/14/24 09:05:07 PM: INFO **********homepage title test passed***************
05/14/24 09:05:07 PM: INFO **********homepage title test passed***************
05/14/24 09:13:58 PM: INFO **********Test_001_Login***************
05/14/24 09:13:58 PM: INFO **********Test_001_Login***************
05/14/24 09:13:58 PM: INFO **********Test_001_Login***************
05/14/24 09:13:58 PM: INFO **********verifying homepage title***************
05/14/24 09:13:58 PM: INFO **********verifying homepage title***************
05/14/24 09:13:58 PM: INFO **********verifying homepage title***************
05/14/24 09:14:03 PM: INFO **********homepage title test passed***************
05/14/24 09:14:03 PM: INFO **********homepage title test passed***************
05/14/24 09:14:03 PM: INFO **********homepage title test passed***************
05/14/24 09:14:15 PM: INFO ********* login test passed***************
05/14/24 09:14:15 PM: INFO ********* login test passed***************
05/14/24 09:14:15 PM: INFO ********* login test passed***************
05/14/24 09:14:17 PM: INFO ***********Test_002_DDT_login***********
05/14/24 09:14:17 PM: INFO ***********Test_002_DDT_login***********
05/14/24 09:14:17 PM: INFO ***********Test_002_DDT_login***********
05/14/24 09:14:30 PM: INFO *******passed**********
05/14/24 09:14:30 PM: INFO *******passed**********
05/14/24 09:14:30 PM: INFO *******passed**********
05/14/24 09:14:38 PM: INFO *******passed**********
05/14/24 09:14:38 PM: INFO *******passed**********
05/14/24 09:14:38 PM: INFO *******passed**********
05/14/24 09:14:44 PM: INFO *******passed**********
05/14/24 09:14:44 PM: INFO *******passed**********
05/14/24 09:14:44 PM: INFO *******passed**********
05/14/24 09:14:50 PM: INFO *******passed**********
05/14/24 09:14:50 PM: INFO *******passed**********
05/14/24 09:14:50 PM: INFO *******passed**********
05/14/24 09:14:50 PM: INFO *******Login_ddt test passed**********
05/14/24 09:14:50 PM: INFO *******Login_ddt test passed**********
05/14/24 09:14:50 PM: INFO *******Login_ddt test passed**********
05/15/24 03:16:18 PM: INFO **********Test_001_Login***************
05/15/24 03:16:18 PM: INFO **********Test_001_Login***************
05/15/24 03:16:18 PM: INFO **********Test_001_Login***************
05/15/24 03:16:18 PM: INFO **********verifying homepage title***************
05/15/24 03:16:18 PM: INFO **********verifying homepage title***************
05/15/24 03:16:18 PM: INFO **********verifying homepage title***************
05/15/24 03:16:25 PM: INFO **********homepage title test passed***************
05/15/24 03:16:25 PM: INFO **********homepage title test passed***************
05/15/24 03:16:25 PM: INFO **********homepage title test passed***************
05/15/24 03:16:41 PM: INFO ********* login test passed***************
05/15/24 03:16:41 PM: INFO ********* login test passed***************
05/15/24 03:16:41 PM: INFO ********* login test passed***************
05/15/24 03:16:43 PM: INFO ***********Test_002_DDT_login***********
05/15/24 03:16:43 PM: INFO ***********Test_002_DDT_login***********
05/15/24 03:16:43 PM: INFO ***********Test_002_DDT_login***********
05/15/24 03:16:56 PM: INFO *******passed**********
05/15/24 03:16:56 PM: INFO *******passed**********
05/15/24 03:16:56 PM: INFO *******passed**********
05/15/24 03:17:04 PM: INFO *******passed**********
05/15/24 03:17:04 PM: INFO *******passed**********
05/15/24 03:17:04 PM: INFO *******passed**********
05/15/24 03:17:09 PM: INFO *******passed**********
05/15/24 03:17:09 PM: INFO *******passed**********
05/15/24 03:17:09 PM: INFO *******passed**********
05/15/24 03:17:15 PM: INFO *******passed**********
05/15/24 03:17:15 PM: INFO *******passed**********
05/15/24 03:17:15 PM: INFO *******passed**********
05/15/24 03:17:15 PM: INFO *******Login_ddt test passed**********
05/15/24 03:17:15 PM: INFO *******Login_ddt test passed**********
05/15/24 03:17:15 PM: INFO *******Login_ddt test passed**********
